<?xml version="1.0" encoding="UTF-8"?>
<!-- Generated by org.testng.reporters.JUnitReportReporter -->
<testsuite hostname="DESKTOP-4NI6Q85" failures="0" tests="1" name="ABT_demo.ABTA_1.standalone" time="22.893" errors="0" timestamp="2024-01-24T19:10:15 IST" skipped="0">
  <testcase classname="ABT_demo.ABTA_1.standalone" name="addtravellers" time="22.893"/>
  <system-out/>
</testsuite> <!-- ABT_demo.ABTA_1.standalone -->
